<?xml version="1.0" encoding="UTF-8"?>
<!-- Generated by org.testng.reporters.JUnitXMLReporter -->
<testsuite ignored="1" hostname="DESKTOP-TDGDFPV" failures="1" tests="10" name="TestOnChromeBrowser" time="54.192" errors="0" timestamp="2022-05-23T12:15:34 IST">
  <testcase classname="tests.TC_Contact_001" name="alertPresent" time="0.016"/>
  <testcase classname="tests.TC_Contact_001" name="alertPresent" time="0.009"/>
  <testcase classname="tests.TC_Contact_001" name="alertPresent" time="0.007"/>
  <testcase classname="tests.ValidateAdminDashboard" name="checkBrokenLinks" time="1.698">
    <failure type="java.lang.AssertionError" message="null">
      <![CDATA[java.lang.AssertionError: null
at tests.ValidateAdminDashboard.checkBrokenLinks(ValidateAdminDashboard.java:62)
at java.base/java.util.ArrayList.forEach(ArrayList.java:1511)
at java.base/java.util.concurrent.FutureTask.run(FutureTask.java:264)
at java.base/java.util.concurrent.ThreadPoolExecutor.runWorker(ThreadPoolExecutor.java:1136)
at java.base/java.util.concurrent.ThreadPoolExecutor$Worker.run(ThreadPoolExecutor.java:635)
at java.base/java.lang.Thread.run(Thread.java:833)
... Removed 20 stack frames]]>
    </failure>
  </testcase> <!-- checkBrokenLinks -->
  <testcase classname="tests.TC_Contact_ErrorMsg" name="contactPage" time="0.366"/>
  <testcase classname="tests.ValidateAdminDashboard" name="openAddNewDoctor" time="0.479"/>
  <testcase classname="tests.TC_Contact_001" name="checkAlertMsg" time="0.008"/>
  <testcase classname="tests.ValidateAllHomePageLinks" name="checkAdminLogin" time="1.109"/>
  <testcase classname="tests.ValidateAllHomePageLinks" name="checkPatientloginPage" time="0.475"/>
  <testcase classname="tests.ValidateAllHomePageLinks" name="checkDoctorLogin" time="1.147"/>
  <testcase classname="tests.ValidateAllHomePageLinks" name="checkContactUs" time="0.0">
    <ignored/>
  </testcase> <!-- checkContactUs -->
</testsuite> <!-- TestOnChromeBrowser -->
