<?xml version="1.0" encoding="UTF-8"?>
<!-- Generated by org.testng.reporters.JUnitXMLReporter -->
<testsuite ignored="1" hostname="DESKTOP-TDGDFPV" failures="0" tests="10" name="TestOnEdgeBrowser" time="0.098" errors="0" timestamp="2022-05-23T12:17:34 IST">
  <testcase classname="tests.TC_Contact_001" name="@BeforeTest openBrowser" time="0.014">
    <failure type="java.lang.IllegalStateException" message="The driver executable does not exist: c:\webdrivers\edgedriver.exe">
      <![CDATA[java.lang.IllegalStateException: The driver executable does not exist: c:\webdrivers\edgedriver.exe
at com.google.common.base.Preconditions.checkState(Preconditions.java:585)
at org.openqa.selenium.remote.service.DriverService.checkExecutable(DriverService.java:146)
at org.openqa.selenium.remote.service.DriverService.findExecutable(DriverService.java:141)
at org.openqa.selenium.edge.EdgeDriverService.access$000(EdgeDriverService.java:37)
at org.openqa.selenium.edge.EdgeDriverService$Builder.findDefaultExecutable(EdgeDriverService.java:90)
at org.openqa.selenium.remote.service.DriverService$Builder.build(DriverService.java:355)
at org.openqa.selenium.edge.EdgeDriverService.createDefaultService(EdgeDriverService.java:70)
at org.openqa.selenium.edge.EdgeDriver.<init>(EdgeDriver.java:96)
at settingbrowsers.BaseClass.openEdgeBrowser(BaseClass.java:23)
at tests.TC_Contact_001.openBrowser(TC_Contact_001.java:42)
at java.base/java.util.concurrent.FutureTask.run(FutureTask.java:264)
at java.base/java.util.concurrent.ThreadPoolExecutor.runWorker(ThreadPoolExecutor.java:1136)
at java.base/java.util.concurrent.ThreadPoolExecutor$Worker.run(ThreadPoolExecutor.java:635)
at java.base/java.lang.Thread.run(Thread.java:833)
... Removed 15 stack frames]]>
    </failure>
  </testcase> <!-- @BeforeTest openBrowser -->
  <testcase classname="tests.TC_Contact_ErrorMsg" name="@BeforeTest openBrowser" time="-1.653288454727E9">
    <skipped/>
  </testcase> <!-- @BeforeTest openBrowser -->
  <testcase classname="tests.ValidateAdminDashboard" name="@BeforeTest openBrowser" time="-1.653288454729E9">
    <skipped/>
  </testcase> <!-- @BeforeTest openBrowser -->
  <testcase classname="tests.ValidateAllHomePageLinks" name="@BeforeTest openBrowser" time="-1.653288454731E9">
    <skipped/>
  </testcase> <!-- @BeforeTest openBrowser -->
  <testcase classname="tests.TC_Contact_001" name="@BeforeClass createObj" time="-1.653288454732E9">
    <skipped/>
  </testcase> <!-- @BeforeClass createObj -->
  <testcase classname="tests.TC_Contact_001" name="@BeforeMethod openContactPage" time="-1.653288454734E9">
    <skipped/>
  </testcase> <!-- @BeforeMethod openContactPage -->
  <testcase classname="tests.TC_Contact_001" name="@AfterMethod acceptAlert" time="-1.653288454738E9">
    <skipped/>
  </testcase> <!-- @AfterMethod acceptAlert -->
  <testcase classname="tests.TC_Contact_001" name="@BeforeMethod openContactPage" time="-1.65328845474E9">
    <skipped/>
  </testcase> <!-- @BeforeMethod openContactPage -->
  <testcase classname="tests.TC_Contact_001" name="@AfterMethod acceptAlert" time="-1.653288454744E9">
    <skipped/>
  </testcase> <!-- @AfterMethod acceptAlert -->
  <testcase classname="tests.TC_Contact_001" name="@BeforeMethod openContactPage" time="-1.653288454746E9">
    <skipped/>
  </testcase> <!-- @BeforeMethod openContactPage -->
  <testcase classname="tests.TC_Contact_001" name="@AfterMethod acceptAlert" time="-1.653288454749E9">
    <skipped/>
  </testcase> <!-- @AfterMethod acceptAlert -->
  <testcase classname="tests.ValidateAdminDashboard" name="@BeforeClass createObj" time="-1.653288454751E9">
    <skipped/>
  </testcase> <!-- @BeforeClass createObj -->
  <testcase classname="tests.ValidateAdminDashboard" name="@BeforeMethod openAdminAccount" time="-1.653288454753E9">
    <skipped/>
  </testcase> <!-- @BeforeMethod openAdminAccount -->
  <testcase classname="tests.ValidateAdminDashboard" name="@AfterMethod logout" time="-1.653288454756E9">
    <skipped/>
  </testcase> <!-- @AfterMethod logout -->
  <testcase classname="tests.TC_Contact_ErrorMsg" name="@BeforeClass createObj" time="-1.653288454758E9">
    <skipped/>
  </testcase> <!-- @BeforeClass createObj -->
  <testcase classname="tests.TC_Contact_ErrorMsg" name="@BeforeMethod openHomePage" time="-1.65328845476E9">
    <skipped/>
  </testcase> <!-- @BeforeMethod openHomePage -->
  <testcase classname="tests.TC_Contact_ErrorMsg" name="@AfterClass deleteObj" time="-1.653288454764E9">
    <skipped/>
  </testcase> <!-- @AfterClass deleteObj -->
  <testcase classname="tests.ValidateAdminDashboard" name="@BeforeMethod openAdminAccount" time="-1.653288454766E9">
    <skipped/>
  </testcase> <!-- @BeforeMethod openAdminAccount -->
  <testcase classname="tests.ValidateAdminDashboard" name="@AfterMethod logout" time="-1.65328845477E9">
    <skipped/>
  </testcase> <!-- @AfterMethod logout -->
  <testcase classname="tests.ValidateAdminDashboard" name="@AfterClass deleteObj" time="-1.653288454772E9">
    <skipped/>
  </testcase> <!-- @AfterClass deleteObj -->
  <testcase classname="tests.TC_Contact_001" name="@BeforeMethod openContactPage" time="-1.653288454774E9">
    <skipped/>
  </testcase> <!-- @BeforeMethod openContactPage -->
  <testcase classname="tests.TC_Contact_001" name="@AfterMethod acceptAlert" time="-1.653288454777E9">
    <skipped/>
  </testcase> <!-- @AfterMethod acceptAlert -->
  <testcase classname="tests.TC_Contact_001" name="@AfterClass deleteObj" time="-1.653288454779E9">
    <skipped/>
  </testcase> <!-- @AfterClass deleteObj -->
  <testcase classname="tests.ValidateAllHomePageLinks" name="@BeforeClass createObj" time="-1.65328845478E9">
    <skipped/>
  </testcase> <!-- @BeforeClass createObj -->
  <testcase classname="tests.ValidateAllHomePageLinks" name="@BeforeMethod opemHomePage" time="-1.653288454781E9">
    <skipped/>
  </testcase> <!-- @BeforeMethod opemHomePage -->
  <testcase classname="tests.ValidateAllHomePageLinks" name="@AfterMethod backToHome" time="-1.653288454784E9">
    <skipped/>
  </testcase> <!-- @AfterMethod backToHome -->
  <testcase classname="tests.ValidateAllHomePageLinks" name="@BeforeMethod opemHomePage" time="-1.653288454785E9">
    <skipped/>
  </testcase> <!-- @BeforeMethod opemHomePage -->
  <testcase classname="tests.ValidateAllHomePageLinks" name="@AfterMethod backToHome" time="-1.653288454789E9">
    <skipped/>
  </testcase> <!-- @AfterMethod backToHome -->
  <testcase classname="tests.ValidateAllHomePageLinks" name="@AfterClass deleteObj" time="-1.653288454792E9">
    <skipped/>
  </testcase> <!-- @AfterClass deleteObj -->
  <testcase classname="tests.TC_Contact_001" name="@AfterTest closeBrowser" time="-1.653288454793E9">
    <skipped/>
  </testcase> <!-- @AfterTest closeBrowser -->
  <testcase classname="tests.TC_Contact_ErrorMsg" name="@AfterTest closeBrowser" time="-1.653288454795E9">
    <skipped/>
  </testcase> <!-- @AfterTest closeBrowser -->
  <testcase classname="tests.ValidateAdminDashboard" name="@AfterTest closeBrowser" time="-1.653288454796E9">
    <skipped/>
  </testcase> <!-- @AfterTest closeBrowser -->
  <testcase classname="tests.ValidateAllHomePageLinks" name="@AfterTest closeBrowser" time="-1.653288454798E9">
    <skipped/>
  </testcase> <!-- @AfterTest closeBrowser -->
  <testcase classname="tests.TC_Contact_001" name="alertPresent" time="0.0">
    <skipped/>
  </testcase> <!-- alertPresent -->
  <testcase classname="tests.TC_Contact_001" name="alertPresent" time="0.0">
    <skipped/>
  </testcase> <!-- alertPresent -->
  <testcase classname="tests.TC_Contact_001" name="alertPresent" time="0.0">
    <skipped/>
  </testcase> <!-- alertPresent -->
  <testcase classname="tests.ValidateAdminDashboard" name="checkBrokenLinks" time="0.0">
    <skipped/>
  </testcase> <!-- checkBrokenLinks -->
  <testcase classname="tests.TC_Contact_ErrorMsg" name="contactPage" time="0.0">
    <skipped/>
  </testcase> <!-- contactPage -->
  <testcase classname="tests.ValidateAdminDashboard" name="openAddNewDoctor" time="0.0">
    <skipped/>
  </testcase> <!-- openAddNewDoctor -->
  <testcase classname="tests.TC_Contact_001" name="checkAlertMsg" time="0.0">
    <skipped/>
  </testcase> <!-- checkAlertMsg -->
  <testcase classname="tests.ValidateAllHomePageLinks" name="checkAdminLogin" time="0.0">
    <skipped/>
  </testcase> <!-- checkAdminLogin -->
  <testcase classname="tests.ValidateAllHomePageLinks" name="checkPatientloginPage" time="0.0">
    <skipped/>
  </testcase> <!-- checkPatientloginPage -->
  <testcase classname="tests.ValidateAllHomePageLinks" name="checkDoctorLogin" time="0.0">
    <skipped/>
  </testcase> <!-- checkDoctorLogin -->
  <testcase classname="tests.ValidateAllHomePageLinks" name="checkContactUs" time="0.0">
    <ignored/>
  </testcase> <!-- checkContactUs -->
</testsuite> <!-- TestOnEdgeBrowser -->
